<?xml version="1.0" encoding="UTF-8"?>
<testng-results ignored="0" total="2" passed="2" failed="0" skipped="0">
  <reporter-output>
  </reporter-output>
  <suite started-at="2020-02-06T19:12:33 BRT" name="Suite_1234" finished-at="2020-02-06T19:12:33 BRT" duration-ms="49">
    <groups>
    </groups>
    <test started-at="2020-02-06T19:12:33 BRT" name="TestingNewRunner" finished-at="2020-02-06T19:12:33 BRT" duration-ms="49">
      <class name="test.java.com.laboratory.test.LaboratoryTest">
        <test-method signature="shouldFailSummingTwoNumbers()[pri:0, instance:test.java.com.laboratory.test.LaboratoryTest@479d31f3]" started-at="2020-02-06T19:12:33 BRT" name="shouldFailSummingTwoNumbers" description="Testing the test method description for failure" finished-at="2020-02-06T19:12:33 BRT" duration-ms="7" status="PASS">
          <reporter-output>
          </reporter-output>
        </test-method> <!-- shouldFailSummingTwoNumbers -->
        <test-method signature="shouldPassSummingTwoNumbers()[pri:0, instance:test.java.com.laboratory.test.LaboratoryTest@479d31f3]" started-at="2020-02-06T19:12:33 BRT" name="shouldPassSummingTwoNumbers" description="Testing the test method description for success" finished-at="2020-02-06T19:12:33 BRT" duration-ms="0" status="PASS">
          <reporter-output>
          </reporter-output>
        </test-method> <!-- shouldPassSummingTwoNumbers -->
      </class> <!-- test.java.com.laboratory.test.LaboratoryTest -->
    </test> <!-- TestingNewRunner -->
  </suite> <!-- Suite_1234 -->
</testng-results>
