<?xml version="1.0" encoding="UTF-8"?>
<!-- Generated by org.testng.reporters.JUnitXMLReporter -->
<testsuite ignored="0" hostname="workstation" failures="0" tests="2" name="TestingNewRunner" time="0.049" errors="0" timestamp="2020-02-06T19:12:33 BRT">
  <testcase classname="test.java.com.laboratory.test.LaboratoryTest" name="shouldFailSummingTwoNumbers" time="0.007"/>
  <testcase classname="test.java.com.laboratory.test.LaboratoryTest" name="shouldPassSummingTwoNumbers" time="0.0"/>
</testsuite> <!-- TestingNewRunner -->
